{"lib\\Calculator.js":{"path":"lib\\Calculator.js","s":{"1":1,"2":0,"3":0},"b":{},"f":{"1":0,"2":0},"fnMap":{"1":{"name":"(anonymous_1)","line":1,"loc":{"start":{"line":1,"column":17},"end":{"line":1,"column":29}}},"2":{"name":"(anonymous_2)","line":2,"loc":{"start":{"line":2,"column":20},"end":{"line":2,"column":50}}}},"statementMap":{"1":{"start":{"line":1,"column":0},"end":{"line":5,"column":2}},"2":{"start":{"line":2,"column":4},"end":{"line":4,"column":6}},"3":{"start":{"line":3,"column":8},"end":{"line":3,"column":35}}},"branchMap":{}}}